<?xml version="1.0" encoding="UTF-8"?>
<!-- Generated by org.testng.reporters.JUnitXMLReporter -->
<testsuite ignored="0" hostname="nihar" failures="0" tests="3" name="Default test" time="9.507" errors="0" timestamp="2024-03-28T16:49:23 IST">
  <testcase classname="com.basic.apiTest.DynamicJson" name="addBoodAPI" time="8.996"/>
  <testcase classname="com.basic.apiTest.DynamicJson" name="addBoodAPI" time="0.194"/>
  <testcase classname="com.basic.apiTest.DynamicJson" name="addBoodAPI" time="0.137"/>
</testsuite> <!-- Default test -->
